{"timestamp": "2026-03-11T07:19:27.789337+00:00", "level": "INFO", "logger": "__main__", "message": "ETL starting", "source": "file", "load_mode": "copy"}
{"timestamp": "2026-03-11T07:19:27.790393+00:00", "level": "INFO", "logger": "etl.extract.file_reader", "message": "Reading csv file: data\\input\\users.csv"}
{"timestamp": "2026-03-11T07:19:27.819175+00:00", "level": "INFO", "logger": "etl.extract.file_reader", "message": "File rows read: 54"}
{"timestamp": "2026-03-11T07:19:27.859798+00:00", "level": "WARNING", "logger": "etl.transform.core", "message": "Rejected row: invalid literal for int() with base 10: 'nan' | raw={'id': nan, 'first_name': 'Michael', 'last_name': 'Dalton', 'email': 'stacy40@example.org', 'department': 'Product', 'hire_date': '2019-03-22T00:00:00+00:00', 'salary': '102718.58', 'is_active': 'True'}"}
{"timestamp": "2026-03-11T07:19:27.863859+00:00", "level": "WARNING", "logger": "etl.transform.core", "message": "Rejected row: empty first_name | raw={'id': '54', 'first_name': '   ', 'last_name': 'Grant', 'email': 'thompsonleah@example.net', 'department': 'Operations', 'hire_date': '2012-06-14T00:00:00+00:00', 'salary': '71055.17', 'is_active': 'True'}"}
{"timestamp": "2026-03-11T07:19:27.891940+00:00", "level": "WARNING", "logger": "etl.transform.core", "message": "Rejected row: empty first_name | raw={'id': '53', 'first_name': '   ', 'last_name': 'Perry', 'email': 'jhubbard@example.org', 'department': 'Marketing', 'hire_date': '2011-05-12T00:00:00+00:00', 'salary': '93380.09', 'is_active': 'True'}"}
{"timestamp": "2026-03-11T07:19:27.896240+00:00", "level": "WARNING", "logger": "etl.transform.core", "message": "Rejected row: invalid literal for int() with base 10: 'nan' | raw={'id': nan, 'first_name': 'Lee', 'last_name': 'Brown', 'email': 'loriorr@example.com', 'department': 'Engineering', 'hire_date': '2025-02-07T00:00:00+00:00', 'salary': '129751.05', 'is_active': 'True'}"}
{"timestamp": "2026-03-11T07:19:27.899807+00:00", "level": "INFO", "logger": "__main__", "message": "Extract+transform done", "extracted_count": 54, "loaded_count": 0, "rejected_count": 4}
{"timestamp": "2026-03-11T07:20:56.790845+00:00", "level": "INFO", "logger": "__main__", "message": "ETL starting", "source": "file", "load_mode": "copy"}
{"timestamp": "2026-03-11T07:20:56.791929+00:00", "level": "INFO", "logger": "etl.extract.file_reader", "message": "Reading csv file: data\\input\\users.csv"}
{"timestamp": "2026-03-11T07:20:56.803385+00:00", "level": "INFO", "logger": "etl.extract.file_reader", "message": "File rows read: 54"}
{"timestamp": "2026-03-11T07:20:56.845438+00:00", "level": "WARNING", "logger": "etl.transform.core", "message": "Rejected row: invalid literal for int() with base 10: 'nan' | raw={'id': nan, 'first_name': 'Michael', 'last_name': 'Dalton', 'email': 'stacy40@example.org', 'department': 'Product', 'hire_date': '2019-03-22T00:00:00+00:00', 'salary': '102718.58', 'is_active': 'True'}"}
{"timestamp": "2026-03-11T07:20:56.847533+00:00", "level": "WARNING", "logger": "etl.transform.core", "message": "Rejected row: empty first_name | raw={'id': '54', 'first_name': '   ', 'last_name': 'Grant', 'email': 'thompsonleah@example.net', 'department': 'Operations', 'hire_date': '2012-06-14T00:00:00+00:00', 'salary': '71055.17', 'is_active': 'True'}"}
{"timestamp": "2026-03-11T07:20:56.853298+00:00", "level": "WARNING", "logger": "etl.transform.core", "message": "Rejected row: empty first_name | raw={'id': '53', 'first_name': '   ', 'last_name': 'Perry', 'email': 'jhubbard@example.org', 'department': 'Marketing', 'hire_date': '2011-05-12T00:00:00+00:00', 'salary': '93380.09', 'is_active': 'True'}"}
{"timestamp": "2026-03-11T07:20:56.857582+00:00", "level": "WARNING", "logger": "etl.transform.core", "message": "Rejected row: invalid literal for int() with base 10: 'nan' | raw={'id': nan, 'first_name': 'Lee', 'last_name': 'Brown', 'email': 'loriorr@example.com', 'department': 'Engineering', 'hire_date': '2025-02-07T00:00:00+00:00', 'salary': '129751.05', 'is_active': 'True'}"}
{"timestamp": "2026-03-11T07:20:56.860138+00:00", "level": "INFO", "logger": "__main__", "message": "Extract+transform done", "extracted_count": 54, "loaded_count": 0, "rejected_count": 4}
{"timestamp": "2026-03-11T07:24:22.165818+00:00", "level": "INFO", "logger": "__main__", "message": "ETL starting", "source": "file", "load_mode": "copy"}
{"timestamp": "2026-03-11T07:24:22.167289+00:00", "level": "INFO", "logger": "etl.extract.file_reader", "message": "Reading csv file: data\\input\\users.csv"}
{"timestamp": "2026-03-11T07:24:22.184405+00:00", "level": "INFO", "logger": "etl.extract.file_reader", "message": "File rows read: 54"}
{"timestamp": "2026-03-11T07:24:22.254206+00:00", "level": "WARNING", "logger": "etl.transform.core", "message": "Rejected row: invalid literal for int() with base 10: 'nan' | raw={'id': nan, 'first_name': 'Michael', 'last_name': 'Dalton', 'email': 'stacy40@example.org', 'department': 'Product', 'hire_date': '2019-03-22T00:00:00+00:00', 'salary': '102718.58', 'is_active': 'True'}"}
{"timestamp": "2026-03-11T07:24:22.289399+00:00", "level": "WARNING", "logger": "etl.transform.core", "message": "Rejected row: empty first_name | raw={'id': '54', 'first_name': '   ', 'last_name': 'Grant', 'email': 'thompsonleah@example.net', 'department': 'Operations', 'hire_date': '2012-06-14T00:00:00+00:00', 'salary': '71055.17', 'is_active': 'True'}"}
{"timestamp": "2026-03-11T07:24:22.293105+00:00", "level": "WARNING", "logger": "etl.transform.core", "message": "Rejected row: empty first_name | raw={'id': '53', 'first_name': '   ', 'last_name': 'Perry', 'email': 'jhubbard@example.org', 'department': 'Marketing', 'hire_date': '2011-05-12T00:00:00+00:00', 'salary': '93380.09', 'is_active': 'True'}"}
{"timestamp": "2026-03-11T07:24:22.339429+00:00", "level": "WARNING", "logger": "etl.transform.core", "message": "Rejected row: invalid literal for int() with base 10: 'nan' | raw={'id': nan, 'first_name': 'Lee', 'last_name': 'Brown', 'email': 'loriorr@example.com', 'department': 'Engineering', 'hire_date': '2025-02-07T00:00:00+00:00', 'salary': '129751.05', 'is_active': 'True'}"}
{"timestamp": "2026-03-11T07:24:22.355602+00:00", "level": "INFO", "logger": "__main__", "message": "Extract+transform done", "extracted_count": 54, "loaded_count": 0, "rejected_count": 4}
{"timestamp": "2026-03-11T07:27:44.835644+00:00", "level": "INFO", "logger": "__main__", "message": "ETL starting", "source": "file", "load_mode": "copy"}
{"timestamp": "2026-03-11T07:27:44.836579+00:00", "level": "INFO", "logger": "etl.extract.file_reader", "message": "Reading csv file: data\\input\\users.csv"}
{"timestamp": "2026-03-11T07:27:44.840934+00:00", "level": "INFO", "logger": "etl.extract.file_reader", "message": "File rows read: 54"}
{"timestamp": "2026-03-11T07:27:44.847510+00:00", "level": "WARNING", "logger": "etl.transform.core", "message": "Rejected row: invalid literal for int() with base 10: 'nan' | raw={'id': nan, 'first_name': 'Michael', 'last_name': 'Dalton', 'email': 'stacy40@example.org', 'department': 'Product', 'hire_date': '2019-03-22T00:00:00+00:00', 'salary': '102718.58', 'is_active': 'True'}"}
{"timestamp": "2026-03-11T07:27:44.865733+00:00", "level": "WARNING", "logger": "etl.transform.core", "message": "Rejected row: empty first_name | raw={'id': '54', 'first_name': '   ', 'last_name': 'Grant', 'email': 'thompsonleah@example.net', 'department': 'Operations', 'hire_date': '2012-06-14T00:00:00+00:00', 'salary': '71055.17', 'is_active': 'True'}"}
{"timestamp": "2026-03-11T07:27:44.867481+00:00", "level": "WARNING", "logger": "etl.transform.core", "message": "Rejected row: empty first_name | raw={'id': '53', 'first_name': '   ', 'last_name': 'Perry', 'email': 'jhubbard@example.org', 'department': 'Marketing', 'hire_date': '2011-05-12T00:00:00+00:00', 'salary': '93380.09', 'is_active': 'True'}"}
{"timestamp": "2026-03-11T07:27:44.870934+00:00", "level": "WARNING", "logger": "etl.transform.core", "message": "Rejected row: invalid literal for int() with base 10: 'nan' | raw={'id': nan, 'first_name': 'Lee', 'last_name': 'Brown', 'email': 'loriorr@example.com', 'department': 'Engineering', 'hire_date': '2025-02-07T00:00:00+00:00', 'salary': '129751.05', 'is_active': 'True'}"}
{"timestamp": "2026-03-11T07:27:44.872536+00:00", "level": "INFO", "logger": "__main__", "message": "Extract+transform done", "extracted_count": 54, "loaded_count": 0, "rejected_count": 4}
{"timestamp": "2026-03-11T07:29:39.519156+00:00", "level": "INFO", "logger": "__main__", "message": "ETL starting", "source": "file", "load_mode": "copy"}
{"timestamp": "2026-03-11T07:29:39.520302+00:00", "level": "INFO", "logger": "etl.extract.file_reader", "message": "Reading csv file: data\\input\\users.csv"}
{"timestamp": "2026-03-11T07:29:39.532900+00:00", "level": "INFO", "logger": "etl.extract.file_reader", "message": "File rows read: 54"}
{"timestamp": "2026-03-11T07:29:39.547383+00:00", "level": "WARNING", "logger": "etl.transform.core", "message": "Rejected row: invalid literal for int() with base 10: 'nan' | raw={'id': nan, 'first_name': 'Michael', 'last_name': 'Dalton', 'email': 'stacy40@example.org', 'department': 'Product', 'hire_date': '2019-03-22T00:00:00+00:00', 'salary': '102718.58', 'is_active': 'True'}"}
{"timestamp": "2026-03-11T07:29:39.580284+00:00", "level": "WARNING", "logger": "etl.transform.core", "message": "Rejected row: empty first_name | raw={'id': '54', 'first_name': '   ', 'last_name': 'Grant', 'email': 'thompsonleah@example.net', 'department': 'Operations', 'hire_date': '2012-06-14T00:00:00+00:00', 'salary': '71055.17', 'is_active': 'True'}"}
{"timestamp": "2026-03-11T07:29:39.582176+00:00", "level": "WARNING", "logger": "etl.transform.core", "message": "Rejected row: empty first_name | raw={'id': '53', 'first_name': '   ', 'last_name': 'Perry', 'email': 'jhubbard@example.org', 'department': 'Marketing', 'hire_date': '2011-05-12T00:00:00+00:00', 'salary': '93380.09', 'is_active': 'True'}"}
{"timestamp": "2026-03-11T07:29:39.587068+00:00", "level": "WARNING", "logger": "etl.transform.core", "message": "Rejected row: invalid literal for int() with base 10: 'nan' | raw={'id': nan, 'first_name': 'Lee', 'last_name': 'Brown', 'email': 'loriorr@example.com', 'department': 'Engineering', 'hire_date': '2025-02-07T00:00:00+00:00', 'salary': '129751.05', 'is_active': 'True'}"}
{"timestamp": "2026-03-11T07:29:39.591628+00:00", "level": "INFO", "logger": "__main__", "message": "Extract+transform done", "extracted_count": 54, "loaded_count": 0, "rejected_count": 4}
{"timestamp": "2026-03-11T07:30:28.799157+00:00", "level": "INFO", "logger": "__main__", "message": "ETL starting", "source": "file", "load_mode": "copy"}
{"timestamp": "2026-03-11T07:30:28.801284+00:00", "level": "INFO", "logger": "etl.extract.file_reader", "message": "Reading csv file: data\\input\\users.csv"}
{"timestamp": "2026-03-11T07:30:28.808662+00:00", "level": "INFO", "logger": "etl.extract.file_reader", "message": "File rows read: 54"}
{"timestamp": "2026-03-11T07:30:28.822915+00:00", "level": "WARNING", "logger": "etl.transform.core", "message": "Rejected row: invalid literal for int() with base 10: 'nan' | raw={'id': nan, 'first_name': 'Michael', 'last_name': 'Dalton', 'email': 'stacy40@example.org', 'department': 'Product', 'hire_date': '2019-03-22T00:00:00+00:00', 'salary': '102718.58', 'is_active': 'True'}"}
{"timestamp": "2026-03-11T07:30:28.844985+00:00", "level": "WARNING", "logger": "etl.transform.core", "message": "Rejected row: empty first_name | raw={'id': '54', 'first_name': '   ', 'last_name': 'Grant', 'email': 'thompsonleah@example.net', 'department': 'Operations', 'hire_date': '2012-06-14T00:00:00+00:00', 'salary': '71055.17', 'is_active': 'True'}"}
{"timestamp": "2026-03-11T07:30:28.847266+00:00", "level": "WARNING", "logger": "etl.transform.core", "message": "Rejected row: empty first_name | raw={'id': '53', 'first_name': '   ', 'last_name': 'Perry', 'email': 'jhubbard@example.org', 'department': 'Marketing', 'hire_date': '2011-05-12T00:00:00+00:00', 'salary': '93380.09', 'is_active': 'True'}"}
{"timestamp": "2026-03-11T07:30:28.851894+00:00", "level": "WARNING", "logger": "etl.transform.core", "message": "Rejected row: invalid literal for int() with base 10: 'nan' | raw={'id': nan, 'first_name': 'Lee', 'last_name': 'Brown', 'email': 'loriorr@example.com', 'department': 'Engineering', 'hire_date': '2025-02-07T00:00:00+00:00', 'salary': '129751.05', 'is_active': 'True'}"}
{"timestamp": "2026-03-11T07:30:28.854338+00:00", "level": "INFO", "logger": "__main__", "message": "Extract+transform done", "extracted_count": 54, "loaded_count": 0, "rejected_count": 4}
{"timestamp": "2026-03-11T07:41:04.612348+00:00", "level": "INFO", "logger": "__main__", "message": "ETL starting", "source": "file", "load_mode": "copy"}
{"timestamp": "2026-03-11T07:41:04.613500+00:00", "level": "INFO", "logger": "etl.extract.file_reader", "message": "Reading csv file: data\\input\\users.csv"}
{"timestamp": "2026-03-11T07:41:04.630838+00:00", "level": "INFO", "logger": "etl.extract.file_reader", "message": "File rows read: 54"}
{"timestamp": "2026-03-11T07:41:04.667659+00:00", "level": "WARNING", "logger": "etl.transform.core", "message": "Rejected row: invalid literal for int() with base 10: 'nan' | raw={'id': nan, 'first_name': 'Michael', 'last_name': 'Dalton', 'email': 'stacy40@example.org', 'department': 'Product', 'hire_date': '2019-03-22T00:00:00+00:00', 'salary': '102718.58', 'is_active': 'True'}"}
{"timestamp": "2026-03-11T07:41:04.673471+00:00", "level": "WARNING", "logger": "etl.transform.core", "message": "Rejected row: empty first_name | raw={'id': '54', 'first_name': '   ', 'last_name': 'Grant', 'email': 'thompsonleah@example.net', 'department': 'Operations', 'hire_date': '2012-06-14T00:00:00+00:00', 'salary': '71055.17', 'is_active': 'True'}"}
{"timestamp": "2026-03-11T07:41:04.675695+00:00", "level": "WARNING", "logger": "etl.transform.core", "message": "Rejected row: empty first_name | raw={'id': '53', 'first_name': '   ', 'last_name': 'Perry', 'email': 'jhubbard@example.org', 'department': 'Marketing', 'hire_date': '2011-05-12T00:00:00+00:00', 'salary': '93380.09', 'is_active': 'True'}"}
{"timestamp": "2026-03-11T07:41:04.685860+00:00", "level": "WARNING", "logger": "etl.transform.core", "message": "Rejected row: invalid literal for int() with base 10: 'nan' | raw={'id': nan, 'first_name': 'Lee', 'last_name': 'Brown', 'email': 'loriorr@example.com', 'department': 'Engineering', 'hire_date': '2025-02-07T00:00:00+00:00', 'salary': '129751.05', 'is_active': 'True'}"}
{"timestamp": "2026-03-11T07:41:04.695238+00:00", "level": "INFO", "logger": "__main__", "message": "Extract+transform done", "extracted_count": 54, "loaded_count": 0, "rejected_count": 4}
{"timestamp": "2026-03-11T07:42:40.017927+00:00", "level": "INFO", "logger": "__main__", "message": "ETL starting", "source": "file", "load_mode": "copy"}
{"timestamp": "2026-03-11T07:42:40.020607+00:00", "level": "INFO", "logger": "etl.extract.file_reader", "message": "Reading csv file: data\\input\\users.csv"}
{"timestamp": "2026-03-11T07:42:40.031413+00:00", "level": "INFO", "logger": "etl.extract.file_reader", "message": "File rows read: 54"}
{"timestamp": "2026-03-11T07:42:40.069665+00:00", "level": "WARNING", "logger": "etl.transform.core", "message": "Rejected row: invalid literal for int() with base 10: 'nan' | raw={'id': nan, 'first_name': 'Michael', 'last_name': 'Dalton', 'email': 'stacy40@example.org', 'department': 'Product', 'hire_date': '2019-03-22T00:00:00+00:00', 'salary': '102718.58', 'is_active': 'True'}"}
{"timestamp": "2026-03-11T07:42:40.072770+00:00", "level": "WARNING", "logger": "etl.transform.core", "message": "Rejected row: empty first_name | raw={'id': '54', 'first_name': '   ', 'last_name': 'Grant', 'email': 'thompsonleah@example.net', 'department': 'Operations', 'hire_date': '2012-06-14T00:00:00+00:00', 'salary': '71055.17', 'is_active': 'True'}"}
{"timestamp": "2026-03-11T07:42:40.077272+00:00", "level": "WARNING", "logger": "etl.transform.core", "message": "Rejected row: empty first_name | raw={'id': '53', 'first_name': '   ', 'last_name': 'Perry', 'email': 'jhubbard@example.org', 'department': 'Marketing', 'hire_date': '2011-05-12T00:00:00+00:00', 'salary': '93380.09', 'is_active': 'True'}"}
{"timestamp": "2026-03-11T07:42:40.079677+00:00", "level": "WARNING", "logger": "etl.transform.core", "message": "Rejected row: invalid literal for int() with base 10: 'nan' | raw={'id': nan, 'first_name': 'Lee', 'last_name': 'Brown', 'email': 'loriorr@example.com', 'department': 'Engineering', 'hire_date': '2025-02-07T00:00:00+00:00', 'salary': '129751.05', 'is_active': 'True'}"}
{"timestamp": "2026-03-11T07:42:40.082283+00:00", "level": "INFO", "logger": "__main__", "message": "Extract+transform done", "extracted_count": 54, "loaded_count": 0, "rejected_count": 4}
{"timestamp": "2026-03-11T07:44:45.431163+00:00", "level": "INFO", "logger": "__main__", "message": "ETL starting", "source": "file", "load_mode": "copy"}
{"timestamp": "2026-03-11T07:44:45.432075+00:00", "level": "INFO", "logger": "etl.extract.file_reader", "message": "Reading csv file: data\\input\\users.csv"}
{"timestamp": "2026-03-11T07:44:45.436008+00:00", "level": "INFO", "logger": "etl.extract.file_reader", "message": "File rows read: 54"}
{"timestamp": "2026-03-11T07:44:45.445960+00:00", "level": "WARNING", "logger": "etl.transform.core", "message": "Rejected row: invalid literal for int() with base 10: 'nan' | raw={'id': nan, 'first_name': 'Michael', 'last_name': 'Dalton', 'email': 'stacy40@example.org', 'department': 'Product', 'hire_date': '2019-03-22T00:00:00+00:00', 'salary': '102718.58', 'is_active': 'True'}"}
{"timestamp": "2026-03-11T07:44:45.462379+00:00", "level": "WARNING", "logger": "etl.transform.core", "message": "Rejected row: empty first_name | raw={'id': '54', 'first_name': '   ', 'last_name': 'Grant', 'email': 'thompsonleah@example.net', 'department': 'Operations', 'hire_date': '2012-06-14T00:00:00+00:00', 'salary': '71055.17', 'is_active': 'True'}"}
{"timestamp": "2026-03-11T07:44:45.467734+00:00", "level": "WARNING", "logger": "etl.transform.core", "message": "Rejected row: empty first_name | raw={'id': '53', 'first_name': '   ', 'last_name': 'Perry', 'email': 'jhubbard@example.org', 'department': 'Marketing', 'hire_date': '2011-05-12T00:00:00+00:00', 'salary': '93380.09', 'is_active': 'True'}"}
{"timestamp": "2026-03-11T07:44:45.469329+00:00", "level": "WARNING", "logger": "etl.transform.core", "message": "Rejected row: invalid literal for int() with base 10: 'nan' | raw={'id': nan, 'first_name': 'Lee', 'last_name': 'Brown', 'email': 'loriorr@example.com', 'department': 'Engineering', 'hire_date': '2025-02-07T00:00:00+00:00', 'salary': '129751.05', 'is_active': 'True'}"}
{"timestamp": "2026-03-11T07:44:45.471055+00:00", "level": "INFO", "logger": "__main__", "message": "Extract+transform done", "extracted_count": 54, "loaded_count": 0, "rejected_count": 4}
{"timestamp": "2026-03-11T07:51:35.225906+00:00", "level": "INFO", "logger": "__main__", "message": "ETL starting", "source": "file", "load_mode": "copy"}
{"timestamp": "2026-03-11T07:51:35.227238+00:00", "level": "INFO", "logger": "etl.extract.file_reader", "message": "Reading csv file: data\\input\\users.csv"}
{"timestamp": "2026-03-11T07:51:35.296536+00:00", "level": "INFO", "logger": "etl.extract.file_reader", "message": "File rows read: 54"}
{"timestamp": "2026-03-11T07:51:35.346094+00:00", "level": "WARNING", "logger": "etl.transform.core", "message": "Rejected row: invalid literal for int() with base 10: 'nan' | raw={'id': nan, 'first_name': 'Michael', 'last_name': 'Dalton', 'email': 'stacy40@example.org', 'department': 'Product', 'hire_date': '2019-03-22T00:00:00+00:00', 'salary': '102718.58', 'is_active': 'True'}"}
{"timestamp": "2026-03-11T07:51:35.348075+00:00", "level": "WARNING", "logger": "etl.transform.core", "message": "Rejected row: empty first_name | raw={'id': '54', 'first_name': '   ', 'last_name': 'Grant', 'email': 'thompsonleah@example.net', 'department': 'Operations', 'hire_date': '2012-06-14T00:00:00+00:00', 'salary': '71055.17', 'is_active': 'True'}"}
{"timestamp": "2026-03-11T07:51:35.378277+00:00", "level": "WARNING", "logger": "etl.transform.core", "message": "Rejected row: empty first_name | raw={'id': '53', 'first_name': '   ', 'last_name': 'Perry', 'email': 'jhubbard@example.org', 'department': 'Marketing', 'hire_date': '2011-05-12T00:00:00+00:00', 'salary': '93380.09', 'is_active': 'True'}"}
{"timestamp": "2026-03-11T07:51:35.381420+00:00", "level": "WARNING", "logger": "etl.transform.core", "message": "Rejected row: invalid literal for int() with base 10: 'nan' | raw={'id': nan, 'first_name': 'Lee', 'last_name': 'Brown', 'email': 'loriorr@example.com', 'department': 'Engineering', 'hire_date': '2025-02-07T00:00:00+00:00', 'salary': '129751.05', 'is_active': 'True'}"}
{"timestamp": "2026-03-11T07:51:35.383818+00:00", "level": "INFO", "logger": "__main__", "message": "Extract+transform done", "extracted_count": 54, "loaded_count": 0, "rejected_count": 4}
{"timestamp": "2026-03-11T07:53:28.084002+00:00", "level": "INFO", "logger": "__main__", "message": "ETL starting", "source": "file", "load_mode": "copy"}
{"timestamp": "2026-03-11T07:53:28.084980+00:00", "level": "INFO", "logger": "etl.extract.file_reader", "message": "Reading csv file: data\\input\\users.csv"}
{"timestamp": "2026-03-11T07:53:28.088828+00:00", "level": "INFO", "logger": "etl.extract.file_reader", "message": "File rows read: 54"}
{"timestamp": "2026-03-11T07:53:28.098268+00:00", "level": "WARNING", "logger": "etl.transform.core", "message": "Rejected row: invalid literal for int() with base 10: 'nan' | raw={'id': nan, 'first_name': 'Michael', 'last_name': 'Dalton', 'email': 'stacy40@example.org', 'department': 'Product', 'hire_date': '2019-03-22T00:00:00+00:00', 'salary': '102718.58', 'is_active': 'True'}"}
{"timestamp": "2026-03-11T07:53:28.100374+00:00", "level": "WARNING", "logger": "etl.transform.core", "message": "Rejected row: empty first_name | raw={'id': '54', 'first_name': '   ', 'last_name': 'Grant', 'email': 'thompsonleah@example.net', 'department': 'Operations', 'hire_date': '2012-06-14T00:00:00+00:00', 'salary': '71055.17', 'is_active': 'True'}"}
{"timestamp": "2026-03-11T07:53:28.144181+00:00", "level": "WARNING", "logger": "etl.transform.core", "message": "Rejected row: empty first_name | raw={'id': '53', 'first_name': '   ', 'last_name': 'Perry', 'email': 'jhubbard@example.org', 'department': 'Marketing', 'hire_date': '2011-05-12T00:00:00+00:00', 'salary': '93380.09', 'is_active': 'True'}"}
{"timestamp": "2026-03-11T07:53:28.150281+00:00", "level": "WARNING", "logger": "etl.transform.core", "message": "Rejected row: invalid literal for int() with base 10: 'nan' | raw={'id': nan, 'first_name': 'Lee', 'last_name': 'Brown', 'email': 'loriorr@example.com', 'department': 'Engineering', 'hire_date': '2025-02-07T00:00:00+00:00', 'salary': '129751.05', 'is_active': 'True'}"}
{"timestamp": "2026-03-11T07:53:28.160210+00:00", "level": "INFO", "logger": "__main__", "message": "Extract+transform done", "extracted_count": 54, "loaded_count": 0, "rejected_count": 4}
{"timestamp": "2026-03-11T07:57:33.575681+00:00", "level": "INFO", "logger": "__main__", "message": "ETL starting", "source": "file", "load_mode": "copy"}
{"timestamp": "2026-03-11T07:57:33.576894+00:00", "level": "INFO", "logger": "etl.extract.file_reader", "message": "Reading csv file: data\\input\\users.csv"}
{"timestamp": "2026-03-11T07:57:33.583351+00:00", "level": "INFO", "logger": "etl.extract.file_reader", "message": "File rows read: 54"}
{"timestamp": "2026-03-11T07:57:33.644530+00:00", "level": "WARNING", "logger": "etl.transform.core", "message": "Rejected row: invalid literal for int() with base 10: 'nan' | raw={'id': nan, 'first_name': 'Michael', 'last_name': 'Dalton', 'email': 'stacy40@example.org', 'department': 'Product', 'hire_date': '2019-03-22T00:00:00+00:00', 'salary': '102718.58', 'is_active': 'True'}"}
{"timestamp": "2026-03-11T07:57:33.649501+00:00", "level": "WARNING", "logger": "etl.transform.core", "message": "Rejected row: empty first_name | raw={'id': '54', 'first_name': '   ', 'last_name': 'Grant', 'email': 'thompsonleah@example.net', 'department': 'Operations', 'hire_date': '2012-06-14T00:00:00+00:00', 'salary': '71055.17', 'is_active': 'True'}"}
{"timestamp": "2026-03-11T07:57:33.652267+00:00", "level": "WARNING", "logger": "etl.transform.core", "message": "Rejected row: empty first_name | raw={'id': '53', 'first_name': '   ', 'last_name': 'Perry', 'email': 'jhubbard@example.org', 'department': 'Marketing', 'hire_date': '2011-05-12T00:00:00+00:00', 'salary': '93380.09', 'is_active': 'True'}"}
{"timestamp": "2026-03-11T07:57:33.660144+00:00", "level": "WARNING", "logger": "etl.transform.core", "message": "Rejected row: invalid literal for int() with base 10: 'nan' | raw={'id': nan, 'first_name': 'Lee', 'last_name': 'Brown', 'email': 'loriorr@example.com', 'department': 'Engineering', 'hire_date': '2025-02-07T00:00:00+00:00', 'salary': '129751.05', 'is_active': 'True'}"}
{"timestamp": "2026-03-11T07:57:33.718687+00:00", "level": "INFO", "logger": "__main__", "message": "Extract+transform done", "extracted_count": 54, "loaded_count": 0, "rejected_count": 4}
{"timestamp": "2026-03-11T08:04:07.732905+00:00", "level": "INFO", "logger": "__main__", "message": "ETL starting", "source": "file", "load_mode": "copy"}
{"timestamp": "2026-03-11T08:04:07.734285+00:00", "level": "INFO", "logger": "etl.extract.file_reader", "message": "Reading csv file: data\\input\\users.csv"}
{"timestamp": "2026-03-11T08:04:07.740014+00:00", "level": "INFO", "logger": "etl.extract.file_reader", "message": "File rows read: 54"}
{"timestamp": "2026-03-11T08:04:07.789486+00:00", "level": "WARNING", "logger": "etl.transform.core", "message": "Rejected row: invalid literal for int() with base 10: 'nan' | raw={'id': nan, 'first_name': 'Michael', 'last_name': 'Dalton', 'email': 'stacy40@example.org', 'department': 'Product', 'hire_date': '2019-03-22T00:00:00+00:00', 'salary': '102718.58', 'is_active': 'True'}"}
{"timestamp": "2026-03-11T08:04:07.791191+00:00", "level": "WARNING", "logger": "etl.transform.core", "message": "Rejected row: empty first_name | raw={'id': '54', 'first_name': '   ', 'last_name': 'Grant', 'email': 'thompsonleah@example.net', 'department': 'Operations', 'hire_date': '2012-06-14T00:00:00+00:00', 'salary': '71055.17', 'is_active': 'True'}"}
{"timestamp": "2026-03-11T08:04:07.803619+00:00", "level": "WARNING", "logger": "etl.transform.core", "message": "Rejected row: empty first_name | raw={'id': '53', 'first_name': '   ', 'last_name': 'Perry', 'email': 'jhubbard@example.org', 'department': 'Marketing', 'hire_date': '2011-05-12T00:00:00+00:00', 'salary': '93380.09', 'is_active': 'True'}"}
{"timestamp": "2026-03-11T08:04:07.805515+00:00", "level": "WARNING", "logger": "etl.transform.core", "message": "Rejected row: invalid literal for int() with base 10: 'nan' | raw={'id': nan, 'first_name': 'Lee', 'last_name': 'Brown', 'email': 'loriorr@example.com', 'department': 'Engineering', 'hire_date': '2025-02-07T00:00:00+00:00', 'salary': '129751.05', 'is_active': 'True'}"}
{"timestamp": "2026-03-11T08:04:07.807315+00:00", "level": "INFO", "logger": "__main__", "message": "Extract+transform done", "extracted_count": 54, "loaded_count": 0, "rejected_count": 4}
{"timestamp": "2026-03-15T12:05:24.976294+00:00", "level": "INFO", "logger": "__main__", "message": "ETL starting", "source": "file", "load_mode": "copy"}
{"timestamp": "2026-03-15T12:05:24.979418+00:00", "level": "INFO", "logger": "etl.extract.file_reader", "message": "Reading csv file: data\\input\\users.csv"}
{"timestamp": "2026-03-15T12:05:25.066168+00:00", "level": "INFO", "logger": "etl.extract.file_reader", "message": "File rows read: 54"}
{"timestamp": "2026-03-15T12:05:25.135350+00:00", "level": "WARNING", "logger": "etl.transform.core", "message": "Rejected row: invalid literal for int() with base 10: 'nan' | raw={'id': nan, 'first_name': 'Michael', 'last_name': 'Dalton', 'email': 'stacy40@example.org', 'department': 'Product', 'hire_date': '2019-03-22T00:00:00+00:00', 'salary': '102718.58', 'is_active': 'True'}"}
{"timestamp": "2026-03-15T12:05:25.225744+00:00", "level": "WARNING", "logger": "etl.transform.core", "message": "Rejected row: empty first_name | raw={'id': '54', 'first_name': '   ', 'last_name': 'Grant', 'email': 'thompsonleah@example.net', 'department': 'Operations', 'hire_date': '2012-06-14T00:00:00+00:00', 'salary': '71055.17', 'is_active': 'True'}"}
{"timestamp": "2026-03-15T12:05:25.249252+00:00", "level": "WARNING", "logger": "etl.transform.core", "message": "Rejected row: empty first_name | raw={'id': '53', 'first_name': '   ', 'last_name': 'Perry', 'email': 'jhubbard@example.org', 'department': 'Marketing', 'hire_date': '2011-05-12T00:00:00+00:00', 'salary': '93380.09', 'is_active': 'True'}"}
{"timestamp": "2026-03-15T12:05:25.260880+00:00", "level": "WARNING", "logger": "etl.transform.core", "message": "Rejected row: invalid literal for int() with base 10: 'nan' | raw={'id': nan, 'first_name': 'Lee', 'last_name': 'Brown', 'email': 'loriorr@example.com', 'department': 'Engineering', 'hire_date': '2025-02-07T00:00:00+00:00', 'salary': '129751.05', 'is_active': 'True'}"}
{"timestamp": "2026-03-15T12:05:25.263516+00:00", "level": "INFO", "logger": "__main__", "message": "Extract+transform done", "extracted_count": 54, "loaded_count": 0, "rejected_count": 4}
{"timestamp": "2026-03-15T12:08:55.093849+00:00", "level": "INFO", "logger": "__main__", "message": "ETL starting", "source": "file", "load_mode": "copy"}
{"timestamp": "2026-03-15T12:08:55.104027+00:00", "level": "INFO", "logger": "etl.extract.file_reader", "message": "Reading csv file: data\\input\\users.csv"}
{"timestamp": "2026-03-15T12:08:55.207940+00:00", "level": "INFO", "logger": "etl.extract.file_reader", "message": "File rows read: 54"}
{"timestamp": "2026-03-15T12:08:55.268033+00:00", "level": "WARNING", "logger": "etl.transform.core", "message": "Rejected row: invalid literal for int() with base 10: 'nan' | raw={'id': nan, 'first_name': 'Michael', 'last_name': 'Dalton', 'email': 'stacy40@example.org', 'department': 'Product', 'hire_date': '2019-03-22T00:00:00+00:00', 'salary': '102718.58', 'is_active': 'True'}"}
{"timestamp": "2026-03-15T12:08:55.270204+00:00", "level": "WARNING", "logger": "etl.transform.core", "message": "Rejected row: empty first_name | raw={'id': '54', 'first_name': '   ', 'last_name': 'Grant', 'email': 'thompsonleah@example.net', 'department': 'Operations', 'hire_date': '2012-06-14T00:00:00+00:00', 'salary': '71055.17', 'is_active': 'True'}"}
{"timestamp": "2026-03-15T12:08:55.273647+00:00", "level": "WARNING", "logger": "etl.transform.core", "message": "Rejected row: empty first_name | raw={'id': '53', 'first_name': '   ', 'last_name': 'Perry', 'email': 'jhubbard@example.org', 'department': 'Marketing', 'hire_date': '2011-05-12T00:00:00+00:00', 'salary': '93380.09', 'is_active': 'True'}"}
{"timestamp": "2026-03-15T12:08:55.286948+00:00", "level": "WARNING", "logger": "etl.transform.core", "message": "Rejected row: invalid literal for int() with base 10: 'nan' | raw={'id': nan, 'first_name': 'Lee', 'last_name': 'Brown', 'email': 'loriorr@example.com', 'department': 'Engineering', 'hire_date': '2025-02-07T00:00:00+00:00', 'salary': '129751.05', 'is_active': 'True'}"}
{"timestamp": "2026-03-15T12:08:55.322994+00:00", "level": "INFO", "logger": "__main__", "message": "Extract+transform done", "extracted_count": 54, "loaded_count": 0, "rejected_count": 4}
{"timestamp": "2026-03-15T12:12:14.095093+00:00", "level": "INFO", "logger": "__main__", "message": "ETL starting", "source": "file", "load_mode": "copy"}
{"timestamp": "2026-03-15T12:12:14.110871+00:00", "level": "INFO", "logger": "etl.extract.file_reader", "message": "Reading csv file: data\\input\\users.csv"}
{"timestamp": "2026-03-15T12:12:14.174367+00:00", "level": "INFO", "logger": "etl.extract.file_reader", "message": "File rows read: 54"}
{"timestamp": "2026-03-15T12:12:14.205726+00:00", "level": "WARNING", "logger": "etl.transform.core", "message": "Rejected row: invalid literal for int() with base 10: 'nan' | raw={'id': nan, 'first_name': 'Michael', 'last_name': 'Dalton', 'email': 'stacy40@example.org', 'department': 'Product', 'hire_date': '2019-03-22T00:00:00+00:00', 'salary': '102718.58', 'is_active': 'True'}"}
{"timestamp": "2026-03-15T12:12:14.212894+00:00", "level": "WARNING", "logger": "etl.transform.core", "message": "Rejected row: empty first_name | raw={'id': '54', 'first_name': '   ', 'last_name': 'Grant', 'email': 'thompsonleah@example.net', 'department': 'Operations', 'hire_date': '2012-06-14T00:00:00+00:00', 'salary': '71055.17', 'is_active': 'True'}"}
{"timestamp": "2026-03-15T12:12:14.220550+00:00", "level": "WARNING", "logger": "etl.transform.core", "message": "Rejected row: empty first_name | raw={'id': '53', 'first_name': '   ', 'last_name': 'Perry', 'email': 'jhubbard@example.org', 'department': 'Marketing', 'hire_date': '2011-05-12T00:00:00+00:00', 'salary': '93380.09', 'is_active': 'True'}"}
{"timestamp": "2026-03-15T12:12:14.225687+00:00", "level": "WARNING", "logger": "etl.transform.core", "message": "Rejected row: invalid literal for int() with base 10: 'nan' | raw={'id': nan, 'first_name': 'Lee', 'last_name': 'Brown', 'email': 'loriorr@example.com', 'department': 'Engineering', 'hire_date': '2025-02-07T00:00:00+00:00', 'salary': '129751.05', 'is_active': 'True'}"}
{"timestamp": "2026-03-15T12:12:14.229465+00:00", "level": "INFO", "logger": "__main__", "message": "Extract+transform done", "extracted_count": 54, "loaded_count": 0, "rejected_count": 4}
{"timestamp": "2026-03-15T12:13:43.901234+00:00", "level": "INFO", "logger": "__main__", "message": "ETL starting", "source": "file", "load_mode": "copy"}
{"timestamp": "2026-03-15T12:13:43.903021+00:00", "level": "INFO", "logger": "etl.extract.file_reader", "message": "Reading csv file: data\\input\\users.csv"}
{"timestamp": "2026-03-15T12:13:44.009150+00:00", "level": "INFO", "logger": "etl.extract.file_reader", "message": "File rows read: 54"}
{"timestamp": "2026-03-15T12:13:44.067298+00:00", "level": "WARNING", "logger": "etl.transform.core", "message": "Rejected row: invalid literal for int() with base 10: 'nan' | raw={'id': nan, 'first_name': 'Michael', 'last_name': 'Dalton', 'email': 'stacy40@example.org', 'department': 'Product', 'hire_date': '2019-03-22T00:00:00+00:00', 'salary': '102718.58', 'is_active': 'True'}"}
{"timestamp": "2026-03-15T12:13:44.072761+00:00", "level": "WARNING", "logger": "etl.transform.core", "message": "Rejected row: empty first_name | raw={'id': '54', 'first_name': '   ', 'last_name': 'Grant', 'email': 'thompsonleah@example.net', 'department': 'Operations', 'hire_date': '2012-06-14T00:00:00+00:00', 'salary': '71055.17', 'is_active': 'True'}"}
{"timestamp": "2026-03-15T12:13:44.088653+00:00", "level": "WARNING", "logger": "etl.transform.core", "message": "Rejected row: empty first_name | raw={'id': '53', 'first_name': '   ', 'last_name': 'Perry', 'email': 'jhubbard@example.org', 'department': 'Marketing', 'hire_date': '2011-05-12T00:00:00+00:00', 'salary': '93380.09', 'is_active': 'True'}"}
{"timestamp": "2026-03-15T12:13:44.182842+00:00", "level": "WARNING", "logger": "etl.transform.core", "message": "Rejected row: invalid literal for int() with base 10: 'nan' | raw={'id': nan, 'first_name': 'Lee', 'last_name': 'Brown', 'email': 'loriorr@example.com', 'department': 'Engineering', 'hire_date': '2025-02-07T00:00:00+00:00', 'salary': '129751.05', 'is_active': 'True'}"}
{"timestamp": "2026-03-15T12:13:44.187640+00:00", "level": "INFO", "logger": "__main__", "message": "Extract+transform done", "extracted_count": 54, "loaded_count": 0, "rejected_count": 4}
{"timestamp": "2026-03-15T12:22:53.719677+00:00", "level": "INFO", "logger": "__main__", "message": "ETL starting", "source": "file", "load_mode": "copy"}
{"timestamp": "2026-03-15T12:22:53.721764+00:00", "level": "INFO", "logger": "etl.extract.file_reader", "message": "Reading csv file: data\\input\\users.csv"}
{"timestamp": "2026-03-15T12:22:53.986323+00:00", "level": "INFO", "logger": "etl.extract.file_reader", "message": "File rows read: 54"}
{"timestamp": "2026-03-15T12:22:54.154128+00:00", "level": "WARNING", "logger": "etl.transform.core", "message": "Rejected row: invalid literal for int() with base 10: 'nan' | raw={'id': nan, 'first_name': 'Michael', 'last_name': 'Dalton', 'email': 'stacy40@example.org', 'department': 'Product', 'hire_date': '2019-03-22T00:00:00+00:00', 'salary': '102718.58', 'is_active': 'True'}"}
{"timestamp": "2026-03-15T12:22:54.163908+00:00", "level": "WARNING", "logger": "etl.transform.core", "message": "Rejected row: empty first_name | raw={'id': '54', 'first_name': '   ', 'last_name': 'Grant', 'email': 'thompsonleah@example.net', 'department': 'Operations', 'hire_date': '2012-06-14T00:00:00+00:00', 'salary': '71055.17', 'is_active': 'True'}"}
{"timestamp": "2026-03-15T12:22:54.212319+00:00", "level": "WARNING", "logger": "etl.transform.core", "message": "Rejected row: empty first_name | raw={'id': '53', 'first_name': '   ', 'last_name': 'Perry', 'email': 'jhubbard@example.org', 'department': 'Marketing', 'hire_date': '2011-05-12T00:00:00+00:00', 'salary': '93380.09', 'is_active': 'True'}"}
{"timestamp": "2026-03-15T12:22:54.214041+00:00", "level": "WARNING", "logger": "etl.transform.core", "message": "Rejected row: invalid literal for int() with base 10: 'nan' | raw={'id': nan, 'first_name': 'Lee', 'last_name': 'Brown', 'email': 'loriorr@example.com', 'department': 'Engineering', 'hire_date': '2025-02-07T00:00:00+00:00', 'salary': '129751.05', 'is_active': 'True'}"}
{"timestamp": "2026-03-15T12:22:54.259063+00:00", "level": "INFO", "logger": "__main__", "message": "Extract+transform done", "extracted_count": 54, "loaded_count": 0, "rejected_count": 4}
{"timestamp": "2026-03-15T12:35:46.338594+00:00", "level": "INFO", "logger": "__main__", "message": "ETL starting", "source": "file", "load_mode": "copy"}
{"timestamp": "2026-03-15T12:35:46.340245+00:00", "level": "INFO", "logger": "etl.extract.file_reader", "message": "Reading csv file: data\\input\\users.csv"}
{"timestamp": "2026-03-15T12:35:46.394348+00:00", "level": "INFO", "logger": "etl.extract.file_reader", "message": "File rows read: 54"}
{"timestamp": "2026-03-15T12:35:46.421433+00:00", "level": "WARNING", "logger": "etl.transform.core", "message": "Rejected row: invalid literal for int() with base 10: 'nan' | raw={'id': nan, 'first_name': 'Michael', 'last_name': 'Dalton', 'email': 'stacy40@example.org', 'department': 'Product', 'hire_date': '2019-03-22T00:00:00+00:00', 'salary': '102718.58', 'is_active': 'True'}"}
{"timestamp": "2026-03-15T12:35:46.425435+00:00", "level": "WARNING", "logger": "etl.transform.core", "message": "Rejected row: empty first_name | raw={'id': '54', 'first_name': '   ', 'last_name': 'Grant', 'email': 'thompsonleah@example.net', 'department': 'Operations', 'hire_date': '2012-06-14T00:00:00+00:00', 'salary': '71055.17', 'is_active': 'True'}"}
{"timestamp": "2026-03-15T12:35:46.451787+00:00", "level": "WARNING", "logger": "etl.transform.core", "message": "Rejected row: empty first_name | raw={'id': '53', 'first_name': '   ', 'last_name': 'Perry', 'email': 'jhubbard@example.org', 'department': 'Marketing', 'hire_date': '2011-05-12T00:00:00+00:00', 'salary': '93380.09', 'is_active': 'True'}"}
{"timestamp": "2026-03-15T12:35:46.458608+00:00", "level": "WARNING", "logger": "etl.transform.core", "message": "Rejected row: invalid literal for int() with base 10: 'nan' | raw={'id': nan, 'first_name': 'Lee', 'last_name': 'Brown', 'email': 'loriorr@example.com', 'department': 'Engineering', 'hire_date': '2025-02-07T00:00:00+00:00', 'salary': '129751.05', 'is_active': 'True'}"}
{"timestamp": "2026-03-15T12:35:46.488841+00:00", "level": "INFO", "logger": "__main__", "message": "Extract+transform done", "extracted_count": 54, "loaded_count": 0, "rejected_count": 4}
{"timestamp": "2026-03-15T12:40:03.299197+00:00", "level": "INFO", "logger": "__main__", "message": "ETL starting", "source": "file", "load_mode": "copy"}
{"timestamp": "2026-03-15T12:40:03.300748+00:00", "level": "INFO", "logger": "etl.extract.file_reader", "message": "Reading csv file: data\\input\\users.csv"}
{"timestamp": "2026-03-15T12:40:03.310567+00:00", "level": "INFO", "logger": "etl.extract.file_reader", "message": "File rows read: 54"}
{"timestamp": "2026-03-15T12:40:03.357725+00:00", "level": "WARNING", "logger": "etl.transform.core", "message": "Rejected row: invalid literal for int() with base 10: 'nan' | raw={'id': nan, 'first_name': 'Michael', 'last_name': 'Dalton', 'email': 'stacy40@example.org', 'department': 'Product', 'hire_date': '2019-03-22T00:00:00+00:00', 'salary': '102718.58', 'is_active': 'True'}"}
{"timestamp": "2026-03-15T12:40:03.360601+00:00", "level": "WARNING", "logger": "etl.transform.core", "message": "Rejected row: empty first_name | raw={'id': '54', 'first_name': '   ', 'last_name': 'Grant', 'email': 'thompsonleah@example.net', 'department': 'Operations', 'hire_date': '2012-06-14T00:00:00+00:00', 'salary': '71055.17', 'is_active': 'True'}"}
{"timestamp": "2026-03-15T12:40:03.398154+00:00", "level": "WARNING", "logger": "etl.transform.core", "message": "Rejected row: empty first_name | raw={'id': '53', 'first_name': '   ', 'last_name': 'Perry', 'email': 'jhubbard@example.org', 'department': 'Marketing', 'hire_date': '2011-05-12T00:00:00+00:00', 'salary': '93380.09', 'is_active': 'True'}"}
{"timestamp": "2026-03-15T12:40:03.403608+00:00", "level": "WARNING", "logger": "etl.transform.core", "message": "Rejected row: invalid literal for int() with base 10: 'nan' | raw={'id': nan, 'first_name': 'Lee', 'last_name': 'Brown', 'email': 'loriorr@example.com', 'department': 'Engineering', 'hire_date': '2025-02-07T00:00:00+00:00', 'salary': '129751.05', 'is_active': 'True'}"}
{"timestamp": "2026-03-15T12:40:03.405678+00:00", "level": "INFO", "logger": "__main__", "message": "Extract+transform done", "extracted_count": 54, "loaded_count": 0, "rejected_count": 4}
{"timestamp": "2026-03-15T12:41:18.876564+00:00", "level": "INFO", "logger": "__main__", "message": "ETL starting", "source": "file", "load_mode": "copy"}
{"timestamp": "2026-03-15T12:41:18.877618+00:00", "level": "INFO", "logger": "etl.extract.file_reader", "message": "Reading csv file: data\\input\\users.csv"}
{"timestamp": "2026-03-15T12:41:18.887879+00:00", "level": "INFO", "logger": "etl.extract.file_reader", "message": "File rows read: 54"}
{"timestamp": "2026-03-15T12:41:18.930546+00:00", "level": "WARNING", "logger": "etl.transform.core", "message": "Rejected row: invalid literal for int() with base 10: 'nan' | raw={'id': nan, 'first_name': 'Michael', 'last_name': 'Dalton', 'email': 'stacy40@example.org', 'department': 'Product', 'hire_date': '2019-03-22T00:00:00+00:00', 'salary': '102718.58', 'is_active': 'True'}"}
{"timestamp": "2026-03-15T12:41:18.946357+00:00", "level": "WARNING", "logger": "etl.transform.core", "message": "Rejected row: empty first_name | raw={'id': '54', 'first_name': '   ', 'last_name': 'Grant', 'email': 'thompsonleah@example.net', 'department': 'Operations', 'hire_date': '2012-06-14T00:00:00+00:00', 'salary': '71055.17', 'is_active': 'True'}"}
{"timestamp": "2026-03-15T12:41:18.948827+00:00", "level": "WARNING", "logger": "etl.transform.core", "message": "Rejected row: empty first_name | raw={'id': '53', 'first_name': '   ', 'last_name': 'Perry', 'email': 'jhubbard@example.org', 'department': 'Marketing', 'hire_date': '2011-05-12T00:00:00+00:00', 'salary': '93380.09', 'is_active': 'True'}"}
{"timestamp": "2026-03-15T12:41:18.979055+00:00", "level": "WARNING", "logger": "etl.transform.core", "message": "Rejected row: invalid literal for int() with base 10: 'nan' | raw={'id': nan, 'first_name': 'Lee', 'last_name': 'Brown', 'email': 'loriorr@example.com', 'department': 'Engineering', 'hire_date': '2025-02-07T00:00:00+00:00', 'salary': '129751.05', 'is_active': 'True'}"}
{"timestamp": "2026-03-15T12:41:18.991415+00:00", "level": "INFO", "logger": "__main__", "message": "Extract+transform done", "extracted_count": 54, "loaded_count": 0, "rejected_count": 4}
{"timestamp": "2026-03-15T12:41:19.328527+00:00", "level": "INFO", "logger": "etl.load.postgres_copy", "message": "COPY load complete: table=public.users_stg inserted=50"}
{"timestamp": "2026-03-15T12:41:19.330655+00:00", "level": "INFO", "logger": "__main__", "message": "ETL run complete", "source": "file", "load_mode": "copy", "elapsed_seconds": 0.45, "extracted_count": 54, "loaded_count": 50, "rejected_count": 4}
{"timestamp": "2026-03-15T12:42:02.161594+00:00", "level": "INFO", "logger": "__main__", "message": "ETL starting", "source": "file", "load_mode": "upsert"}
{"timestamp": "2026-03-15T12:42:02.162719+00:00", "level": "INFO", "logger": "etl.extract.file_reader", "message": "Reading csv file: data\\input\\users.csv"}
{"timestamp": "2026-03-15T12:42:02.169615+00:00", "level": "INFO", "logger": "etl.extract.file_reader", "message": "File rows read: 54"}
{"timestamp": "2026-03-15T12:42:02.184849+00:00", "level": "WARNING", "logger": "etl.transform.core", "message": "Rejected row: invalid literal for int() with base 10: 'nan' | raw={'id': nan, 'first_name': 'Michael', 'last_name': 'Dalton', 'email': 'stacy40@example.org', 'department': 'Product', 'hire_date': '2019-03-22T00:00:00+00:00', 'salary': '102718.58', 'is_active': 'True'}"}
{"timestamp": "2026-03-15T12:42:02.186532+00:00", "level": "WARNING", "logger": "etl.transform.core", "message": "Rejected row: empty first_name | raw={'id': '54', 'first_name': '   ', 'last_name': 'Grant', 'email': 'thompsonleah@example.net', 'department': 'Operations', 'hire_date': '2012-06-14T00:00:00+00:00', 'salary': '71055.17', 'is_active': 'True'}"}
{"timestamp": "2026-03-15T12:42:02.188769+00:00", "level": "WARNING", "logger": "etl.transform.core", "message": "Rejected row: empty first_name | raw={'id': '53', 'first_name': '   ', 'last_name': 'Perry', 'email': 'jhubbard@example.org', 'department': 'Marketing', 'hire_date': '2011-05-12T00:00:00+00:00', 'salary': '93380.09', 'is_active': 'True'}"}
{"timestamp": "2026-03-15T12:42:02.191357+00:00", "level": "WARNING", "logger": "etl.transform.core", "message": "Rejected row: invalid literal for int() with base 10: 'nan' | raw={'id': nan, 'first_name': 'Lee', 'last_name': 'Brown', 'email': 'loriorr@example.com', 'department': 'Engineering', 'hire_date': '2025-02-07T00:00:00+00:00', 'salary': '129751.05', 'is_active': 'True'}"}
{"timestamp": "2026-03-15T12:42:02.193508+00:00", "level": "INFO", "logger": "__main__", "message": "Extract+transform done", "extracted_count": 54, "loaded_count": 0, "rejected_count": 4}
{"timestamp": "2026-03-15T12:42:03.229284+00:00", "level": "INFO", "logger": "etl.load.postgres_upsert", "message": "Upserted batch: table=public.users_stg rows=50"}
{"timestamp": "2026-03-15T12:42:03.240955+00:00", "level": "INFO", "logger": "etl.load.postgres_upsert", "message": "UPSERT complete: table=public.users_stg total=50"}
{"timestamp": "2026-03-15T12:42:03.241883+00:00", "level": "INFO", "logger": "__main__", "message": "ETL run complete", "source": "file", "load_mode": "upsert", "elapsed_seconds": 1.08, "extracted_count": 54, "loaded_count": 50, "rejected_count": 4}
{"timestamp": "2026-03-15T12:42:12.634662+00:00", "level": "INFO", "logger": "__main__", "message": "ETL starting", "source": "api", "load_mode": "copy"}
{"timestamp": "2026-03-15T12:42:12.639091+00:00", "level": "INFO", "logger": "etl.extract.api_client", "message": "GET https://reqres.in/api/users params={'page': 1, 'per_page': 6}"}
{"timestamp": "2026-03-15T12:42:15.114302+00:00", "level": "INFO", "logger": "etl.extract.api_client", "message": "API page 1/2  records=6"}
{"timestamp": "2026-03-15T12:42:15.122756+00:00", "level": "INFO", "logger": "etl.extract.api_client", "message": "GET https://reqres.in/api/users params={'page': 2, 'per_page': 6}"}
{"timestamp": "2026-03-15T12:42:15.590193+00:00", "level": "INFO", "logger": "etl.extract.api_client", "message": "API page 2/2  records=6"}
{"timestamp": "2026-03-15T12:42:15.591167+00:00", "level": "INFO", "logger": "__main__", "message": "Extract+transform done", "extracted_count": 12, "loaded_count": 0, "rejected_count": 0}
{"timestamp": "2026-03-15T12:42:16.188164+00:00", "level": "INFO", "logger": "etl.load.postgres_copy", "message": "COPY load complete: table=public.users_stg inserted=0"}
{"timestamp": "2026-03-15T12:42:16.190045+00:00", "level": "INFO", "logger": "__main__", "message": "ETL run complete", "source": "api", "load_mode": "copy", "elapsed_seconds": 3.56, "extracted_count": 12, "loaded_count": 0, "rejected_count": 0}
{"timestamp": "2026-03-15T12:42:23.972441+00:00", "level": "INFO", "logger": "__main__", "message": "ETL starting", "source": "api", "load_mode": "copy"}
{"timestamp": "2026-03-15T12:42:23.974207+00:00", "level": "INFO", "logger": "etl.extract.api_client", "message": "GET https://reqres.in/api/users params={'page': 1, 'per_page': 6}"}
{"timestamp": "2026-03-15T12:42:25.726829+00:00", "level": "INFO", "logger": "etl.extract.api_client", "message": "API page 1/2  records=6"}
{"timestamp": "2026-03-15T12:42:25.729481+00:00", "level": "INFO", "logger": "etl.extract.api_client", "message": "GET https://reqres.in/api/users params={'page': 2, 'per_page': 6}"}
{"timestamp": "2026-03-15T12:42:25.962061+00:00", "level": "INFO", "logger": "etl.extract.api_client", "message": "API page 2/2  records=6"}
{"timestamp": "2026-03-15T12:42:25.963536+00:00", "level": "INFO", "logger": "__main__", "message": "Extract+transform done", "extracted_count": 12, "loaded_count": 0, "rejected_count": 0}
{"timestamp": "2026-03-15T12:42:26.463969+00:00", "level": "INFO", "logger": "etl.load.postgres_copy", "message": "COPY load complete: table=public.users_stg inserted=0"}
{"timestamp": "2026-03-15T12:42:26.465128+00:00", "level": "INFO", "logger": "__main__", "message": "ETL run complete", "source": "api", "load_mode": "copy", "elapsed_seconds": 2.49, "extracted_count": 12, "loaded_count": 0, "rejected_count": 0}
{"timestamp": "2026-03-15T12:42:35.163937+00:00", "level": "INFO", "logger": "__main__", "message": "ETL starting", "source": "api", "load_mode": "upsert"}
{"timestamp": "2026-03-15T12:42:35.165262+00:00", "level": "INFO", "logger": "etl.extract.api_client", "message": "GET https://reqres.in/api/users params={'page': 1, 'per_page': 6}"}
{"timestamp": "2026-03-15T12:42:36.525744+00:00", "level": "INFO", "logger": "etl.extract.api_client", "message": "API page 1/2  records=6"}
{"timestamp": "2026-03-15T12:42:36.527157+00:00", "level": "INFO", "logger": "etl.extract.api_client", "message": "GET https://reqres.in/api/users params={'page': 2, 'per_page': 6}"}
{"timestamp": "2026-03-15T12:42:36.727747+00:00", "level": "INFO", "logger": "etl.extract.api_client", "message": "API page 2/2  records=6"}
{"timestamp": "2026-03-15T12:42:36.728659+00:00", "level": "INFO", "logger": "__main__", "message": "Extract+transform done", "extracted_count": 12, "loaded_count": 0, "rejected_count": 0}
{"timestamp": "2026-03-15T12:42:37.252104+00:00", "level": "INFO", "logger": "etl.load.postgres_upsert", "message": "Upserted batch: table=public.users_stg rows=12"}
{"timestamp": "2026-03-15T12:42:37.257998+00:00", "level": "INFO", "logger": "etl.load.postgres_upsert", "message": "UPSERT complete: table=public.users_stg total=12"}
{"timestamp": "2026-03-15T12:42:37.259521+00:00", "level": "INFO", "logger": "__main__", "message": "ETL run complete", "source": "api", "load_mode": "upsert", "elapsed_seconds": 2.1, "extracted_count": 12, "loaded_count": 12, "rejected_count": 0}
{"timestamp": "2026-03-15T12:44:25.431285+00:00", "level": "INFO", "logger": "__main__", "message": "ETL starting", "source": "db", "load_mode": "copy"}
{"timestamp": "2026-03-15T12:44:27.266549+00:00", "level": "INFO", "logger": "__main__", "message": "DB extract since=1970-01-01T00:00:00+00:00"}
{"timestamp": "2026-03-15T12:44:30.527222+00:00", "level": "INFO", "logger": "etl.extract.db_reader", "message": "DB chunk: offset=0 rows=2"}
{"timestamp": "2026-03-15T12:44:30.535575+00:00", "level": "INFO", "logger": "__main__", "message": "Extract+transform done", "extracted_count": 2, "loaded_count": 0, "rejected_count": 0}
{"timestamp": "2026-03-15T12:51:59.567541+00:00", "level": "INFO", "logger": "__main__", "message": "ETL starting", "source": "db", "load_mode": "copy"}
{"timestamp": "2026-03-15T12:51:59.762041+00:00", "level": "INFO", "logger": "__main__", "message": "DB extract since=1970-01-01T00:00:00+00:00"}
{"timestamp": "2026-03-15T12:52:00.233072+00:00", "level": "INFO", "logger": "etl.extract.db_reader", "message": "DB chunk: offset=0 rows=2"}
{"timestamp": "2026-03-15T12:52:00.407722+00:00", "level": "INFO", "logger": "__main__", "message": "Extract+transform done", "extracted_count": 2, "loaded_count": 0, "rejected_count": 0}
{"timestamp": "2026-03-15T12:53:36.310751+00:00", "level": "INFO", "logger": "__main__", "message": "ETL starting", "source": "db", "load_mode": "copy"}
{"timestamp": "2026-03-15T12:53:36.447681+00:00", "level": "INFO", "logger": "__main__", "message": "DB extract since=1970-01-01T00:00:00+00:00"}
{"timestamp": "2026-03-15T12:57:54.567417+00:00", "level": "INFO", "logger": "__main__", "message": "ETL starting", "source": "db", "load_mode": "copy"}
{"timestamp": "2026-03-15T12:57:54.718458+00:00", "level": "INFO", "logger": "__main__", "message": "DB extract since=1970-01-01T00:00:00+00:00"}
{"timestamp": "2026-03-15T12:57:55.735845+00:00", "level": "INFO", "logger": "etl.extract.db_reader", "message": "DB chunk: offset=0 rows=2"}
{"timestamp": "2026-03-15T12:57:55.754569+00:00", "level": "INFO", "logger": "__main__", "message": "Extract+transform done", "extracted_count": 2, "loaded_count": 0, "rejected_count": 0}
{"timestamp": "2026-03-15T12:57:56.267358+00:00", "level": "INFO", "logger": "etl.load.postgres_copy", "message": "COPY load complete: table=public.users_stg inserted=0"}
{"timestamp": "2026-03-15T12:57:56.667141+00:00", "level": "INFO", "logger": "__main__", "message": "ETL run complete", "source": "db", "load_mode": "copy", "elapsed_seconds": 2.1, "extracted_count": 2, "loaded_count": 0, "rejected_count": 0}
{"timestamp": "2026-03-15T12:58:34.078323+00:00", "level": "INFO", "logger": "__main__", "message": "ETL starting", "source": "db", "load_mode": "upsert"}
{"timestamp": "2026-03-15T12:58:34.586676+00:00", "level": "INFO", "logger": "__main__", "message": "DB extract since=2026-03-15T12:57:54.566847+00:00"}
{"timestamp": "2026-03-15T12:58:34.746247+00:00", "level": "INFO", "logger": "__main__", "message": "Extract+transform done", "extracted_count": 0, "loaded_count": 0, "rejected_count": 0}
{"timestamp": "2026-03-15T12:58:34.746954+00:00", "level": "WARNING", "logger": "__main__", "message": "No valid rows - nothing to load"}
{"timestamp": "2026-03-15T12:58:34.747759+00:00", "level": "INFO", "logger": "__main__", "message": "ETL run complete", "source": "db", "load_mode": "upsert", "elapsed_seconds": 0.67, "extracted_count": 0, "loaded_count": 0, "rejected_count": 0}
